{"contracts\\Enums.sol":{"l":{},"path":"C:\\code\\techo-contract\\contracts\\Enums.sol","s":{},"b":{},"f":{},"fnMap":{},"statementMap":{},"branchMap":{}},"contracts\\Greeter.sol":{"l":{"11":0,"12":0,"16":0,"20":0,"21":0},"path":"C:\\code\\techo-contract\\contracts\\Greeter.sol","s":{"1":0,"2":0,"3":0,"4":0,"5":0},"b":{},"f":{"1":0,"2":0,"3":0},"fnMap":{"1":{"name":"constructor","line":10,"loc":{"start":{"line":10,"column":2},"end":{"line":13,"column":2}}},"2":{"name":"greet","line":15,"loc":{"start":{"line":15,"column":2},"end":{"line":17,"column":2}}},"3":{"name":"setGreeting","line":19,"loc":{"start":{"line":19,"column":2},"end":{"line":22,"column":2}}}},"statementMap":{"1":{"start":{"line":11,"column":4},"end":{"line":11,"column":63}},"2":{"start":{"line":12,"column":4},"end":{"line":12,"column":23}},"3":{"start":{"line":16,"column":4},"end":{"line":16,"column":19}},"4":{"start":{"line":20,"column":4},"end":{"line":20,"column":74}},"5":{"start":{"line":21,"column":4},"end":{"line":21,"column":23}}},"branchMap":{}},"contracts\\MockDai.sol":{"l":{"8":24,"9":24},"path":"C:\\code\\techo-contract\\contracts\\MockDai.sol","s":{"1":24,"2":24},"b":{},"f":{"1":24},"fnMap":{"1":{"name":"constructor","line":7,"loc":{"start":{"line":7,"column":4},"end":{"line":10,"column":4}}}},"statementMap":{"1":{"start":{"line":8,"column":8},"end":{"line":8,"column":46}},"2":{"start":{"line":9,"column":8},"end":{"line":9,"column":44}}},"branchMap":{}},"contracts\\Techo.sol":{"l":{"66":0,"68":0,"73":0,"74":0,"75":0,"76":0,"77":0,"78":0,"79":0,"80":0,"82":0,"86":0,"87":0,"88":0,"90":0,"92":0,"93":0,"94":0,"95":0,"96":0,"97":0,"98":0,"103":0,"104":0,"106":0,"111":0,"115":0,"119":0,"123":0,"124":0,"125":0,"127":0,"128":0,"129":0,"130":0,"131":0,"132":0,"133":0,"137":0,"141":0,"145":0,"146":0,"147":0,"153":0,"155":0,"156":0,"160":0,"161":0,"162":0,"163":0,"164":0,"168":0,"169":0,"173":0,"174":0,"178":0,"179":0},"path":"C:\\code\\techo-contract\\contracts\\Techo.sol","s":{"1":0,"2":0,"3":0,"4":0,"5":0,"6":0,"7":0,"8":0,"9":0,"10":0,"11":0,"12":0,"13":0,"14":0,"15":0,"16":0,"17":0,"18":0,"19":0,"20":0,"21":0,"22":0,"23":0,"24":0,"25":0,"26":0,"27":0,"28":0,"29":0,"30":0,"31":0,"32":0,"33":0,"34":0,"35":0,"36":0,"37":0,"38":0,"39":0,"40":0,"41":0,"42":0,"43":0,"44":0,"45":0,"46":0,"47":0,"48":0,"49":0,"50":0,"51":0,"52":0,"53":0,"54":0,"55":0},"b":{"1":[0,0],"2":[0,0],"3":[0,0],"4":[0,0],"5":[0,0],"6":[0,0],"7":[0,0],"8":[0,0],"9":[0,0],"10":[0,0],"11":[0,0],"12":[0,0]},"f":{"1":0,"2":0,"3":0,"4":0,"5":0,"6":0,"7":0,"8":0,"9":0,"10":0,"11":0,"12":0,"13":0},"fnMap":{"1":{"name":"constructor","line":57,"loc":{"start":{"line":57,"column":4},"end":{"line":100,"column":4}}},"2":{"name":"getCurrentTime","line":102,"loc":{"start":{"line":102,"column":4},"end":{"line":108,"column":4}}},"3":{"name":"getOwnerFeeAmount","line":110,"loc":{"start":{"line":110,"column":4},"end":{"line":112,"column":4}}},"4":{"name":"approve","line":114,"loc":{"start":{"line":114,"column":4},"end":{"line":116,"column":4}}},"5":{"name":"allowance","line":118,"loc":{"start":{"line":118,"column":4},"end":{"line":120,"column":4}}},"6":{"name":"activate","line":122,"loc":{"start":{"line":122,"column":4},"end":{"line":134,"column":4}}},"7":{"name":"checkerc20Balance","line":136,"loc":{"start":{"line":136,"column":4},"end":{"line":138,"column":4}}},"8":{"name":"checkRemainingDuration","line":140,"loc":{"start":{"line":140,"column":4},"end":{"line":142,"column":4}}},"9":{"name":"collectRent","line":144,"loc":{"start":{"line":144,"column":4},"end":{"line":157,"column":4}}},"10":{"name":"cancelContract","line":159,"loc":{"start":{"line":159,"column":4},"end":{"line":165,"column":4}}},"11":{"name":"extract","line":167,"loc":{"start":{"line":167,"column":4},"end":{"line":170,"column":4}}},"12":{"name":"_tenantOnly","line":172,"loc":{"start":{"line":172,"column":4},"end":{"line":175,"column":4}}},"13":{"name":"_landlordOnly","line":177,"loc":{"start":{"line":177,"column":4},"end":{"line":180,"column":4}}}},"statementMap":{"1":{"start":{"line":66,"column":8},"end":{"line":66,"column":64}},"2":{"start":{"line":68,"column":8},"end":{"line":68,"column":2137}},"3":{"start":{"line":73,"column":8},"end":{"line":73,"column":36}},"4":{"start":{"line":74,"column":8},"end":{"line":74,"column":23}},"5":{"start":{"line":75,"column":8},"end":{"line":75,"column":27}},"6":{"start":{"line":76,"column":8},"end":{"line":76,"column":48}},"7":{"start":{"line":77,"column":8},"end":{"line":77,"column":39}},"8":{"start":{"line":78,"column":8},"end":{"line":78,"column":43}},"9":{"start":{"line":79,"column":8},"end":{"line":79,"column":27}},"10":{"start":{"line":80,"column":8},"end":{"line":80,"column":29}},"11":{"start":{"line":82,"column":8},"end":{"line":82,"column":2602}},"12":{"start":{"line":86,"column":8},"end":{"line":86,"column":57}},"13":{"start":{"line":87,"column":8},"end":{"line":87,"column":44}},"14":{"start":{"line":88,"column":8},"end":{"line":88,"column":57}},"15":{"start":{"line":90,"column":8},"end":{"line":90,"column":62}},"16":{"start":{"line":92,"column":8},"end":{"line":92,"column":2919}},"17":{"start":{"line":93,"column":12},"end":{"line":93,"column":38}},"18":{"start":{"line":94,"column":12},"end":{"line":94,"column":46}},"19":{"start":{"line":95,"column":12},"end":{"line":95,"column":58}},"20":{"start":{"line":96,"column":12},"end":{"line":96,"column":59}},"21":{"start":{"line":97,"column":12},"end":{"line":97,"column":28}},"22":{"start":{"line":98,"column":12},"end":{"line":98,"column":30}},"23":{"start":{"line":103,"column":8},"end":{"line":103,"column":3333}},"24":{"start":{"line":104,"column":12},"end":{"line":104,"column":34}},"25":{"start":{"line":106,"column":12},"end":{"line":106,"column":27}},"26":{"start":{"line":111,"column":8},"end":{"line":111,"column":48}},"27":{"start":{"line":115,"column":8},"end":{"line":115,"column":51}},"28":{"start":{"line":119,"column":8},"end":{"line":119,"column":53}},"29":{"start":{"line":123,"column":8},"end":{"line":123,"column":41}},"30":{"start":{"line":124,"column":8},"end":{"line":124,"column":66}},"31":{"start":{"line":125,"column":8},"end":{"line":125,"column":73}},"32":{"start":{"line":127,"column":8},"end":{"line":127,"column":76}},"33":{"start":{"line":128,"column":8},"end":{"line":128,"column":41}},"34":{"start":{"line":129,"column":8},"end":{"line":129,"column":45}},"35":{"start":{"line":130,"column":8},"end":{"line":130,"column":40}},"36":{"start":{"line":131,"column":8},"end":{"line":131,"column":61}},"37":{"start":{"line":132,"column":8},"end":{"line":132,"column":35}},"38":{"start":{"line":133,"column":8},"end":{"line":133,"column":48}},"39":{"start":{"line":137,"column":8},"end":{"line":137,"column":45}},"40":{"start":{"line":141,"column":8},"end":{"line":141,"column":69}},"41":{"start":{"line":145,"column":8},"end":{"line":145,"column":74}},"42":{"start":{"line":146,"column":8},"end":{"line":146,"column":69}},"43":{"start":{"line":147,"column":8},"end":{"line":147,"column":4979}},"44":{"start":{"line":153,"column":8},"end":{"line":153,"column":43}},"45":{"start":{"line":155,"column":8},"end":{"line":155,"column":55}},"46":{"start":{"line":156,"column":8},"end":{"line":156,"column":50}},"47":{"start":{"line":160,"column":8},"end":{"line":160,"column":74}},"48":{"start":{"line":161,"column":8},"end":{"line":161,"column":48}},"49":{"start":{"line":162,"column":8},"end":{"line":162,"column":45}},"50":{"start":{"line":163,"column":8},"end":{"line":163,"column":38}},"51":{"start":{"line":164,"column":8},"end":{"line":164,"column":24}},"52":{"start":{"line":168,"column":8},"end":{"line":168,"column":45}},"53":{"start":{"line":169,"column":8},"end":{"line":169,"column":58}},"54":{"start":{"line":173,"column":8},"end":{"line":173,"column":48}},"55":{"start":{"line":178,"column":8},"end":{"line":178,"column":52}}},"branchMap":{"1":{"line":66,"type":"if","locations":[{"start":{"line":66,"column":8},"end":{"line":66,"column":8}},{"start":{"line":66,"column":8},"end":{"line":66,"column":8}}]},"2":{"line":68,"type":"if","locations":[{"start":{"line":68,"column":8},"end":{"line":68,"column":8}},{"start":{"line":68,"column":8},"end":{"line":68,"column":8}}]},"3":{"line":103,"type":"if","locations":[{"start":{"line":103,"column":8},"end":{"line":103,"column":8}},{"start":{"line":103,"column":8},"end":{"line":103,"column":8}}]},"4":{"line":124,"type":"if","locations":[{"start":{"line":124,"column":8},"end":{"line":124,"column":8}},{"start":{"line":124,"column":8},"end":{"line":124,"column":8}}]},"5":{"line":125,"type":"if","locations":[{"start":{"line":125,"column":8},"end":{"line":125,"column":8}},{"start":{"line":125,"column":8},"end":{"line":125,"column":8}}]},"6":{"line":128,"type":"if","locations":[{"start":{"line":128,"column":8},"end":{"line":128,"column":8}},{"start":{"line":128,"column":8},"end":{"line":128,"column":8}}]},"7":{"line":145,"type":"if","locations":[{"start":{"line":145,"column":8},"end":{"line":145,"column":8}},{"start":{"line":145,"column":8},"end":{"line":145,"column":8}}]},"8":{"line":146,"type":"if","locations":[{"start":{"line":146,"column":8},"end":{"line":146,"column":8}},{"start":{"line":146,"column":8},"end":{"line":146,"column":8}}]},"9":{"line":147,"type":"if","locations":[{"start":{"line":147,"column":8},"end":{"line":147,"column":8}},{"start":{"line":147,"column":8},"end":{"line":147,"column":8}}]},"10":{"line":160,"type":"if","locations":[{"start":{"line":160,"column":8},"end":{"line":160,"column":8}},{"start":{"line":160,"column":8},"end":{"line":160,"column":8}}]},"11":{"line":173,"type":"if","locations":[{"start":{"line":173,"column":8},"end":{"line":173,"column":8}},{"start":{"line":173,"column":8},"end":{"line":173,"column":8}}]},"12":{"line":178,"type":"if","locations":[{"start":{"line":178,"column":8},"end":{"line":178,"column":8}},{"start":{"line":178,"column":8},"end":{"line":178,"column":8}}]}}}}