{
"contracts\\Enums.sol":{"l":{},"path":"C:\\code\\techo-contract\\contracts\\Enums.sol","s":{},"b":{},"f":{},"fnMap":{},"statementMap":{},"branchMap":{}},
"contracts\\Greeter.sol":{"l":{"11":3,"12":3,"16":2,"20":1,"21":1},"path":"C:\\code\\techo-contract\\contracts\\Greeter.sol","s":{"1":3,"2":3,"3":2,"4":1,"5":1},"b":{},"f":{"1":3,"2":2,"3":1},"fnMap":{"1":{"name":"constructor","line":10,"loc":{"start":{"line":10,"column":2},"end":{"line":13,"column":2}}},"2":{"name":"greet","line":15,"loc":{"start":{"line":15,"column":2},"end":{"line":17,"column":2}}},"3":{"name":"setGreeting","line":19,"loc":{"start":{"line":19,"column":2},"end":{"line":22,"column":2}}}},"statementMap":{"1":{"start":{"line":11,"column":4},"end":{"line":11,"column":63}},"2":{"start":{"line":12,"column":4},"end":{"line":12,"column":23}},"3":{"start":{"line":16,"column":4},"end":{"line":16,"column":19}},"4":{"start":{"line":20,"column":4},"end":{"line":20,"column":74}},"5":{"start":{"line":21,"column":4},"end":{"line":21,"column":23}}},"branchMap":{}},
"contracts\\MockDai.sol":{"l":{"7":24},"path":"C:\\code\\techo-contract\\contracts\\MockDai.sol","s":{"1":24},"b":{},"f":{"1":24},"fnMap":{"1":{"name":"constructor","line":6,"loc":{"start":{"line":6,"column":4},"end":{"line":8,"column":4}}}},"statementMap":{"1":{"start":{"line":7,"column":8},"end":{"line":7,"column":42}}},"branchMap":{}},
"contracts\\Techo.sol":{"l":{"37":22,"39":21,"44":21,"45":21,"46":21,"47":21,"48":21,"49":21,"50":21,"51":21,"52":21,"58":0,"62":4,"66":0,"67":0,"69":0,"74":0,"75":0,"76":0,"77":0,"78":0,"79":0,"83":0,"87":0,"91":0,"96":0,"97":0,"101":0,"102":0,"103":0,"104":0,"108":0,"109":0,"110":0,"114":0,"115":0,"119":0,"120":0,"124":0,"125":0},"path":"C:\\code\\techo-contract\\contracts\\Techo.sol","s":{"1":22,"2":21,"3":21,"4":21,"5":21,"6":21,"7":21,"8":21,"9":21,"10":21,"11":21,"12":0,"13":4,"14":0,"15":0,"16":0,"17":0,"18":0,"19":0,"20":0,"21":0,"22":0,"23":0,"24":0,"25":0,"26":0,"27":0,"28":0,"29":0,"30":0,"31":0,"32":0,"33":0,"34":0,"35":0,"36":0,"37":0,"38":0},"b":{"1":[21,1],"2":[21,0],"3":[0,0],"4":[0,0],"5":[0,0],"6":[0,0],"7":[0,0],"8":[0,0],"9":[0,0]},"f":{"1":22,"2":0,"3":4,"4":0,"5":0,"6":0,"7":0,"8":0,"9":0,"10":0,"11":0,"12":0},"fnMap":{"1":{"name":"constructor","line":30,"loc":{"start":{"line":30,"column":4},"end":{"line":55,"column":4}}},"2":{"name":"getContractStatus","line":57,"loc":{"start":{"line":57,"column":4},"end":{"line":59,"column":4}}},"3":{"name":"calculateCommission","line":61,"loc":{"start":{"line":61,"column":4},"end":{"line":63,"column":4}}},"4":{"name":"activate","line":65,"loc":{"start":{"line":65,"column":4},"end":{"line":80,"column":4}}},"5":{"name":"checkDaiBalance","line":82,"loc":{"start":{"line":82,"column":4},"end":{"line":84,"column":4}}},"6":{"name":"checkRemainingDuration","line":86,"loc":{"start":{"line":86,"column":4},"end":{"line":88,"column":4}}},"7":{"name":"collectRent","line":90,"loc":{"start":{"line":90,"column":4},"end":{"line":98,"column":4}}},"8":{"name":"cancelContract","line":100,"loc":{"start":{"line":100,"column":4},"end":{"line":105,"column":4}}},"9":{"name":"getCancellationCommission","line":107,"loc":{"start":{"line":107,"column":4},"end":{"line":111,"column":4}}},"10":{"name":"extract","line":113,"loc":{"start":{"line":113,"column":4},"end":{"line":116,"column":4}}},"11":{"name":"_tenantOnly","line":118,"loc":{"start":{"line":118,"column":4},"end":{"line":121,"column":4}}},"12":{"name":"_landlordOnly","line":123,"loc":{"start":{"line":123,"column":4},"end":{"line":126,"column":4}}}},"statementMap":{"1":{"start":{"line":37,"column":8},"end":{"line":37,"column":71}},"2":{"start":{"line":39,"column":8},"end":{"line":39,"column":1342}},"3":{"start":{"line":44,"column":8},"end":{"line":44,"column":40}},"4":{"start":{"line":45,"column":8},"end":{"line":45,"column":58}},"5":{"start":{"line":46,"column":8},"end":{"line":46,"column":60}},"6":{"start":{"line":47,"column":8},"end":{"line":47,"column":48}},"7":{"start":{"line":48,"column":8},"end":{"line":48,"column":45}},"8":{"start":{"line":49,"column":8},"end":{"line":49,"column":57}},"9":{"start":{"line":50,"column":8},"end":{"line":50,"column":51}},"10":{"start":{"line":51,"column":8},"end":{"line":51,"column":49}},"11":{"start":{"line":52,"column":8},"end":{"line":52,"column":2014}},"12":{"start":{"line":58,"column":8},"end":{"line":58,"column":38}},"13":{"start":{"line":62,"column":8},"end":{"line":62,"column":63}},"14":{"start":{"line":66,"column":8},"end":{"line":66,"column":64}},"15":{"start":{"line":67,"column":8},"end":{"line":67,"column":73}},"16":{"start":{"line":69,"column":8},"end":{"line":69,"column":2582}},"17":{"start":{"line":74,"column":8},"end":{"line":74,"column":41}},"18":{"start":{"line":75,"column":8},"end":{"line":75,"column":45}},"19":{"start":{"line":76,"column":8},"end":{"line":76,"column":39}},"20":{"start":{"line":77,"column":8},"end":{"line":77,"column":67}},"21":{"start":{"line":78,"column":8},"end":{"line":78,"column":56}},"22":{"start":{"line":79,"column":8},"end":{"line":79,"column":67}},"23":{"start":{"line":83,"column":8},"end":{"line":83,"column":51}},"24":{"start":{"line":87,"column":8},"end":{"line":87,"column":68}},"25":{"start":{"line":91,"column":8},"end":{"line":91,"column":3395}},"26":{"start":{"line":96,"column":8},"end":{"line":96,"column":36}},"27":{"start":{"line":97,"column":8},"end":{"line":97,"column":66}},"28":{"start":{"line":101,"column":8},"end":{"line":101,"column":55}},"29":{"start":{"line":102,"column":8},"end":{"line":102,"column":48}},"30":{"start":{"line":103,"column":8},"end":{"line":103,"column":43}},"31":{"start":{"line":104,"column":8},"end":{"line":104,"column":64}},"32":{"start":{"line":108,"column":8},"end":{"line":108,"column":43}},"33":{"start":{"line":109,"column":8},"end":{"line":109,"column":69}},"34":{"start":{"line":110,"column":8},"end":{"line":110,"column":25}},"35":{"start":{"line":114,"column":8},"end":{"line":114,"column":43}},"36":{"start":{"line":115,"column":8},"end":{"line":115,"column":64}},"37":{"start":{"line":119,"column":8},"end":{"line":119,"column":36}},"38":{"start":{"line":124,"column":8},"end":{"line":124,"column":38}}},"branchMap":{"1":{"line":37,"type":"if","locations":[{"start":{"line":37,"column":8},"end":{"line":37,"column":8}},{"start":{"line":37,"column":8},"end":{"line":37,"column":8}}]},"2":{"line":39,"type":"if","locations":[{"start":{"line":39,"column":8},"end":{"line":39,"column":8}},{"start":{"line":39,"column":8},"end":{"line":39,"column":8}}]},"3":{"line":66,"type":"if","locations":[{"start":{"line":66,"column":8},"end":{"line":66,"column":8}},{"start":{"line":66,"column":8},"end":{"line":66,"column":8}}]},"4":{"line":67,"type":"if","locations":[{"start":{"line":67,"column":8},"end":{"line":67,"column":8}},{"start":{"line":67,"column":8},"end":{"line":67,"column":8}}]},"5":{"line":74,"type":"if","locations":[{"start":{"line":74,"column":8},"end":{"line":74,"column":8}},{"start":{"line":74,"column":8},"end":{"line":74,"column":8}}]},"6":{"line":91,"type":"if","locations":[{"start":{"line":91,"column":8},"end":{"line":91,"column":8}},{"start":{"line":91,"column":8},"end":{"line":91,"column":8}}]},"7":{"line":101,"type":"if","locations":[{"start":{"line":101,"column":8},"end":{"line":101,"column":8}},{"start":{"line":101,"column":8},"end":{"line":101,"column":8}}]},"8":{"line":119,"type":"if","locations":[{"start":{"line":119,"column":8},"end":{"line":119,"column":8}},{"start":{"line":119,"column":8},"end":{"line":119,"column":8}}]},"9":{"line":124,"type":"if","locations":[{"start":{"line":124,"column":8},"end":{"line":124,"column":8}},{"start":{"line":124,"column":8},"end":{"line":124,"column":8}}]}}}}
