TN:
SF:C:\code\techo-contract\contracts\Enums.sol
FNF:0
FNH:0
LF:0
LH:0
BRF:0
BRH:0
end_of_record
TN:
SF:C:\code\techo-contract\contracts\Greeter.sol
FN:10,constructor
FN:15,greet
FN:19,setGreeting
FNF:3
FNH:3
FNDA:3,constructor
FNDA:2,greet
FNDA:1,setGreeting
DA:11,3
DA:12,3
DA:16,2
DA:20,1
DA:21,1
LF:5
LH:5
BRF:0
BRH:0
end_of_record
TN:
SF:C:\code\techo-contract\contracts\MockDai.sol
FN:6,constructor
FNF:1
FNH:1
FNDA:24,constructor
DA:7,24
LF:1
LH:1
BRF:0
BRH:0
end_of_record
TN:
SF:C:\code\techo-contract\contracts\Techo.sol
FN:30,constructor
FN:57,getContractStatus
FN:61,calculateCommission
FN:65,activate
FN:82,checkDaiBalance
FN:86,checkRemainingDuration
FN:90,collectRent
FN:100,cancelContract
FN:107,getCancellationCommission
FN:113,extract
FN:118,_tenantOnly
FN:123,_landlordOnly
FNF:12
FNH:2
FNDA:22,constructor
FNDA:0,getContractStatus
FNDA:4,calculateCommission
FNDA:0,activate
FNDA:0,checkDaiBalance
FNDA:0,checkRemainingDuration
FNDA:0,collectRent
FNDA:0,cancelContract
FNDA:0,getCancellationCommission
FNDA:0,extract
FNDA:0,_tenantOnly
FNDA:0,_landlordOnly
DA:37,22
DA:39,21
DA:44,21
DA:45,21
DA:46,21
DA:47,21
DA:48,21
DA:49,21
DA:50,21
DA:51,21
DA:52,21
DA:58,0
DA:62,4
DA:66,0
DA:67,0
DA:69,0
DA:74,0
DA:75,0
DA:76,0
DA:77,0
DA:78,0
DA:79,0
DA:83,0
DA:87,0
DA:91,0
DA:96,0
DA:97,0
DA:101,0
DA:102,0
DA:103,0
DA:104,0
DA:108,0
DA:109,0
DA:110,0
DA:114,0
DA:115,0
DA:119,0
DA:120,0
DA:124,0
DA:125,0
LF:40
LH:12
BRDA:37,1,0,21
BRDA:37,1,1,1
BRDA:39,2,0,21
BRDA:39,2,1,0
BRDA:66,3,0,0
BRDA:66,3,1,0
BRDA:67,4,0,0
BRDA:67,4,1,0
BRDA:74,5,0,0
BRDA:74,5,1,0
BRDA:91,6,0,0
BRDA:91,6,1,0
BRDA:101,7,0,0
BRDA:101,7,1,0
BRDA:119,8,0,0
BRDA:119,8,1,0
BRDA:124,9,0,0
BRDA:124,9,1,0
BRF:18
BRH:3
end_of_record
