TN:
SF:C:\code\techo-contract\contracts\Enums.sol
FNF:0
FNH:0
LF:0
LH:0
BRF:0
BRH:0
end_of_record
TN:
SF:C:\code\techo-contract\contracts\Greeter.sol
FN:10,constructor
FN:15,greet
FN:19,setGreeting
FNF:3
FNH:0
FNDA:0,constructor
FNDA:0,greet
FNDA:0,setGreeting
DA:11,0
DA:12,0
DA:16,0
DA:20,0
DA:21,0
LF:5
LH:0
BRF:0
BRH:0
end_of_record
TN:
SF:C:\code\techo-contract\contracts\MockDai.sol
FN:7,constructor
FNF:1
FNH:1
FNDA:24,constructor
DA:8,24
DA:9,24
LF:2
LH:2
BRF:0
BRH:0
end_of_record
TN:
SF:C:\code\techo-contract\contracts\Techo.sol
FN:57,constructor
FN:102,getCurrentTime
FN:110,getOwnerFeeAmount
FN:114,approve
FN:118,allowance
FN:122,activate
FN:136,checkerc20Balance
FN:140,checkRemainingDuration
FN:144,collectRent
FN:159,cancelContract
FN:167,extract
FN:172,_tenantOnly
FN:177,_landlordOnly
FNF:13
FNH:0
FNDA:0,constructor
FNDA:0,getCurrentTime
FNDA:0,getOwnerFeeAmount
FNDA:0,approve
FNDA:0,allowance
FNDA:0,activate
FNDA:0,checkerc20Balance
FNDA:0,checkRemainingDuration
FNDA:0,collectRent
FNDA:0,cancelContract
FNDA:0,extract
FNDA:0,_tenantOnly
FNDA:0,_landlordOnly
DA:66,0
DA:68,0
DA:73,0
DA:74,0
DA:75,0
DA:76,0
DA:77,0
DA:78,0
DA:79,0
DA:80,0
DA:82,0
DA:86,0
DA:87,0
DA:88,0
DA:90,0
DA:92,0
DA:93,0
DA:94,0
DA:95,0
DA:96,0
DA:97,0
DA:98,0
DA:103,0
DA:104,0
DA:106,0
DA:111,0
DA:115,0
DA:119,0
DA:123,0
DA:124,0
DA:125,0
DA:127,0
DA:128,0
DA:129,0
DA:130,0
DA:131,0
DA:132,0
DA:133,0
DA:137,0
DA:141,0
DA:145,0
DA:146,0
DA:147,0
DA:153,0
DA:155,0
DA:156,0
DA:160,0
DA:161,0
DA:162,0
DA:163,0
DA:164,0
DA:168,0
DA:169,0
DA:173,0
DA:174,0
DA:178,0
DA:179,0
LF:57
LH:0
BRDA:66,1,0,0
BRDA:66,1,1,0
BRDA:68,2,0,0
BRDA:68,2,1,0
BRDA:103,3,0,0
BRDA:103,3,1,0
BRDA:124,4,0,0
BRDA:124,4,1,0
BRDA:125,5,0,0
BRDA:125,5,1,0
BRDA:128,6,0,0
BRDA:128,6,1,0
BRDA:145,7,0,0
BRDA:145,7,1,0
BRDA:146,8,0,0
BRDA:146,8,1,0
BRDA:147,9,0,0
BRDA:147,9,1,0
BRDA:160,10,0,0
BRDA:160,10,1,0
BRDA:173,11,0,0
BRDA:173,11,1,0
BRDA:178,12,0,0
BRDA:178,12,1,0
BRF:24
BRH:0
end_of_record
